#
# There is insufficient memory for the Java Runtime Environment to continue.
# Native memory allocation (malloc) failed to allocate 1048576 bytes for AllocateHeap
# Possible reasons:
#   The system is out of physical RAM or swap space
#   The process is running with CompressedOops enabled, and the Java Heap may be blocking the growth of the native heap
# Possible solutions:
#   Reduce memory load on the system
#   Increase physical memory or swap space
#   Check if swap backing store is full
#   Decrease Java heap size (-Xmx/-Xms)
#   Decrease number of Java threads
#   Decrease Java thread stack sizes (-Xss)
#   Set larger code cache with -XX:ReservedCodeCacheSize=
#   JVM is running with Unscaled Compressed Oops mode in which the Java heap is
#     placed in the first 4GB address space. The Java Heap base address is the
#     maximum limit for the native heap growth. Please use -XX:HeapBaseMinAddress
#     to set the Java Heap base and to place the Java Heap above 4GB virtual address.
# This output file may be truncated or incomplete.
#
#  Out of Memory Error (t:/workspace/open/src/hotspot/share/memory/allocation.cpp:46), pid=25068, tid=24788
#
# JRE version: Java(TM) SE Runtime Environment (12.0+33) (build 12+33)
# Java VM: Java HotSpot(TM) 64-Bit Server VM (12+33, mixed mode, sharing, tiered, compressed oops, g1 gc, windows-amd64)
# No core dump will be written. Minidumps are not enabled by default on client versions of Windows
#

---------------  S U M M A R Y ------------

Command Line: org.jetbrains.kotlin.cli.jvm.K2JVMCompiler @D:\Amit\Amitp\FoodDelivery\node_modules\react-native-screens\android\build\20230728_9621386270672356719.compiler.options

Host: AMD Ryzen 5 5500U with Radeon Graphics         , 12 cores, 5G,  Windows 10 , 64 bit Build 22621 (10.0.22621.1928)
Time: Fri Jul 28 17:17:47 2023 India Standard Time elapsed time: 8 seconds (0d 0h 0m 8s)

---------------  T H R E A D  ---------------

Current thread (0x0000016a175cc000):  VMThread "VM Thread" [stack: 0x00000038bbc00000,0x00000038bbd00000] [id=24788]

Stack: [0x00000038bbc00000,0x00000038bbd00000]
[error occurred during error reporting (printing stack bounds), id 0xc0000005, EXCEPTION_ACCESS_VIOLATION (0xc0000005) at pc=0x0000016a08330bad]

Native frames: (J=compiled Java code, j=interpreted, Vv=VM code, C=native code)
V  [jvm.dll+0x63948a]
V  [jvm.dll+0x78b31f]
V  [jvm.dll+0x78c9c1]
V  [jvm.dll+0x78cf75]
V  [jvm.dll+0x78cf2b]
V  [jvm.dll+0x638b84]
V  [jvm.dll+0x638f58]
C  [ntdll.dll+0xa3dff]
C  [ntdll.dll+0x1e456]
C  [ntdll.dll+0xa2dee]
C  0x0000016a08330bad

VM_Operation (0x00000038bc2fe010): CollectForMetadataAllocation, mode: safepoint, requested by thread 0x0000016a175f6000


---------------  P R O C E S S  ---------------

Threads class SMR info:
_java_thread_list=0x0000016a1b9ca860, length=10, elements={
0x0000016a79829800, 0x0000016a175cd000, 0x0000016a175cf800, 0x0000016a175eb800,
0x0000016a175f3800, 0x0000016a175f4800, 0x0000016a175f6000, 0x0000016a175f9800,
0x0000016a18031000, 0x0000016a18047000
}

Java Threads: ( => current thread )
  0x0000016a79829800 JavaThread "main" [_thread_blocked, id=30864, stack(0x00000038bb600000,0x00000038bb700000)]
  0x0000016a175cd000 JavaThread "Reference Handler" daemon [_thread_blocked, id=34200, stack(0x00000038bbd00000,0x00000038bbe00000)]
  0x0000016a175cf800 JavaThread "Finalizer" daemon [_thread_blocked, id=32888, stack(0x00000038bbe00000,0x00000038bbf00000)]
  0x0000016a175eb800 JavaThread "Signal Dispatcher" daemon [_thread_blocked, id=35144, stack(0x00000038bbf00000,0x00000038bc000000)]
  0x0000016a175f3800 JavaThread "Attach Listener" daemon [_thread_blocked, id=27732, stack(0x00000038bc000000,0x00000038bc100000)]
  0x0000016a175f4800 JavaThread "C2 CompilerThread0" daemon [_thread_blocked, id=35368, stack(0x00000038bc100000,0x00000038bc200000)]
  0x0000016a175f6000 JavaThread "C1 CompilerThread0" daemon [_thread_blocked, id=22596, stack(0x00000038bc200000,0x00000038bc300000)]
  0x0000016a175f9800 JavaThread "Sweeper thread" daemon [_thread_blocked, id=21604, stack(0x00000038bc300000,0x00000038bc400000)]
  0x0000016a18031000 JavaThread "Service Thread" daemon [_thread_blocked, id=21172, stack(0x00000038bc400000,0x00000038bc500000)]
  0x0000016a18047000 JavaThread "Common-Cleaner" daemon [_thread_blocked, id=8620, stack(0x00000038bc600000,0x00000038bc700000)]

Other Threads:
=>0x0000016a175cc000 VMThread "VM Thread" [stack: 0x00000038bbc00000,0x00000038bbd00000] [id=24788]
  0x0000016a1803d800 WatcherThread [stack: 0x00000038bc500000,0x00000038bc600000] [id=15992]
  0x0000016a7985a800 GCTaskThread "GC Thread#0" [stack: 0x00000038bb700000,0x00000038bb800000] [id=30176]
  0x0000016a1850c800 GCTaskThread "GC Thread#1" [stack: 0x00000038bc800000,0x00000038bc900000] [id=18036]
  0x0000016a79866800 ConcurrentGCThread "G1 Main Marker" [stack: 0x00000038bb800000,0x00000038bb900000] [id=35256]
  0x0000016a79868800 ConcurrentGCThread "G1 Conc#0" [stack: 0x00000038bb900000,0x00000038bba00000] [id=10156]
  0x0000016a195df800 ConcurrentGCThread "G1 Conc#1" [stack: 0x00000038bcc00000,0x00000038bcd00000] [id=3680]
  0x0000016a195b3000 ConcurrentGCThread "G1 Conc#2" [stack: 0x00000038bcd00000,0x00000038bce00000] [id=4080]
  0x0000016a798f3800 ConcurrentGCThread "G1 Refine#0" [stack: 0x00000038bba00000,0x00000038bbb00000] [id=11376]
  0x0000016a18a43800 ConcurrentGCThread "G1 Refine#1" [stack: 0x00000038bcb00000,0x00000038bcc00000] [id=24348]
  0x0000016a798f4800 ConcurrentGCThread "G1 Young RemSet Sampling" [stack: 0x00000038bbb00000,0x00000038bbc00000] [id=24068]

Threads with active compile tasks:
C2 CompilerThread0  2931       4       java.lang.ClassLoader::loadClass (7 bytes)
C1 CompilerThread0  2940   !   3       org.jetbrains.kotlin.com.intellij.lexer.FlexAdapter::locateToken (108 bytes)

VM state:at safepoint (normal execution)

VM Mutex/Monitor currently owned by a thread:  ([mutex/lock_event])
[0x0000016a79826c50] Threads_lock - owner thread: 0x0000016a175cc000
[0x0000016a79825660] Heap_lock - owner thread: 0x0000016a175f6000
[0x0000016a79825c00] MethodData_lock - owner thread: 0x0000016a175f6000

Heap address: 0x00000000a2200000, size: 1502 MB, Compressed Oops mode: 32-bit
Narrow klass base: 0x0000000800000000, Narrow klass shift: 3
Compressed class space size: 1073741824 Address: 0x00000008011a0000

Heap:
 garbage-first heap   total 82944K, used 28570K [0x00000000a2200000, 0x0000000100000000)
  region size 1024K, 1 young (1024K), 1 survivors (1024K)
 Metaspace       used 34610K, capacity 35782K, committed 35968K, reserved 1089536K
  class space    used 4379K, capacity 4616K, committed 4736K, reserved 1048576K
Heap Regions: E=young(eden), S=young(survivor), O=old, HS=humongous(starts), HC=humongous(continues), CS=collection set, F=free, A=archive, TAMS=top-at-mark-start (previous, next)
|   0|0x00000000a2200000, 0x00000000a2300000, 0x00000000a2300000|100%|HS|  |TAMS 0x00000000a2300000, 0x00000000a2300000| Complete 
|   1|0x00000000a2300000, 0x00000000a2400000, 0x00000000a2400000|100%|HC|  |TAMS 0x00000000a2400000, 0x00000000a2400000| Complete 
|   2|0x00000000a2400000, 0x00000000a2500000, 0x00000000a2500000|100%|HC|  |TAMS 0x00000000a2500000, 0x00000000a2500000| Complete 
|   3|0x00000000a2500000, 0x00000000a2600000, 0x00000000a2600000|100%|HS|  |TAMS 0x00000000a2600000, 0x00000000a2600000| Complete 
|   4|0x00000000a2600000, 0x00000000a2700000, 0x00000000a2700000|100%|HC|  |TAMS 0x00000000a2700000, 0x00000000a2700000| Complete 
|   5|0x00000000a2700000, 0x00000000a2800000, 0x00000000a2800000|100%|HC|  |TAMS 0x00000000a2800000, 0x00000000a2800000| Complete 
|   6|0x00000000a2800000, 0x00000000a2900000, 0x00000000a2900000|100%| O|  |TAMS 0x00000000a2900000, 0x00000000a2900000| Untracked 
|   7|0x00000000a2900000, 0x00000000a2a00000, 0x00000000a2a00000|100%| O|  |TAMS 0x00000000a2a00000, 0x00000000a2a00000| Untracked 
|   8|0x00000000a2a00000, 0x00000000a2b00000, 0x00000000a2b00000|100%| O|  |TAMS 0x00000000a2b00000, 0x00000000a2b00000| Untracked 
|   9|0x00000000a2b00000, 0x00000000a2c00000, 0x00000000a2c00000|100%| O|  |TAMS 0x00000000a2c00000, 0x00000000a2c00000| Untracked 
|  10|0x00000000a2c00000, 0x00000000a2d00000, 0x00000000a2d00000|100%| O|  |TAMS 0x00000000a2d00000, 0x00000000a2d00000| Untracked 
|  11|0x00000000a2d00000, 0x00000000a2e00000, 0x00000000a2e00000|100%| O|  |TAMS 0x00000000a2e00000, 0x00000000a2e00000| Untracked 
|  12|0x00000000a2e00000, 0x00000000a2f00000, 0x00000000a2f00000|100%| O|  |TAMS 0x00000000a2f00000, 0x00000000a2f00000| Untracked 
|  13|0x00000000a2f00000, 0x00000000a3000000, 0x00000000a3000000|100%| O|  |TAMS 0x00000000a3000000, 0x00000000a3000000| Untracked 
|  14|0x00000000a3000000, 0x00000000a3100000, 0x00000000a3100000|100%| O|  |TAMS 0x00000000a3100000, 0x00000000a3100000| Untracked 
|  15|0x00000000a3100000, 0x00000000a3200000, 0x00000000a3200000|100%| O|  |TAMS 0x00000000a3200000, 0x00000000a3200000| Untracked 
|  16|0x00000000a3200000, 0x00000000a3300000, 0x00000000a3300000|100%| O|  |TAMS 0x00000000a3300000, 0x00000000a3300000| Untracked 
|  17|0x00000000a3300000, 0x00000000a33ff800, 0x00000000a3400000| 99%| O|  |TAMS 0x00000000a33ff800, 0x00000000a33ff800| Untracked 
|  18|0x00000000a3400000, 0x00000000a3500000, 0x00000000a3500000|100%| O|  |TAMS 0x00000000a3400000, 0x00000000a3500000| Untracked 
|  19|0x00000000a3500000, 0x00000000a3600000, 0x00000000a3600000|100%| O|  |TAMS 0x00000000a3500000, 0x00000000a3600000| Untracked 
|  20|0x00000000a3600000, 0x00000000a3700000, 0x00000000a3700000|100%| O|  |TAMS 0x00000000a3700000, 0x00000000a3700000| Untracked 
|  21|0x00000000a3700000, 0x00000000a3800000, 0x00000000a3800000|100%| O|  |TAMS 0x00000000a3800000, 0x00000000a3800000| Untracked 
|  22|0x00000000a3800000, 0x00000000a3900000, 0x00000000a3900000|100%| O|  |TAMS 0x00000000a3900000, 0x00000000a3900000| Untracked 
|  23|0x00000000a3900000, 0x00000000a3a00000, 0x00000000a3a00000|100%| O|  |TAMS 0x00000000a3a00000, 0x00000000a3a00000| Untracked 
|  24|0x00000000a3a00000, 0x00000000a3b00000, 0x00000000a3b00000|100%| O|  |TAMS 0x00000000a3ae4000, 0x00000000a3b00000| Untracked 
|  25|0x00000000a3b00000, 0x00000000a3c00000, 0x00000000a3c00000|100%| O|  |TAMS 0x00000000a3b00000, 0x00000000a3c00000| Untracked 
|  26|0x00000000a3c00000, 0x00000000a3cec200, 0x00000000a3d00000| 92%| O|  |TAMS 0x00000000a3c00000, 0x00000000a3cec200| Untracked 
|  27|0x00000000a3d00000, 0x00000000a3d00000, 0x00000000a3e00000|  0%| F|  |TAMS 0x00000000a3d00000, 0x00000000a3d00000| Untracked 
|  28|0x00000000a3e00000, 0x00000000a3e00000, 0x00000000a3f00000|  0%| F|  |TAMS 0x00000000a3e00000, 0x00000000a3e00000| Untracked 
|  29|0x00000000a3f00000, 0x00000000a3f00000, 0x00000000a4000000|  0%| F|  |TAMS 0x00000000a3f00000, 0x00000000a3f00000| Untracked 
|  30|0x00000000a4000000, 0x00000000a4000000, 0x00000000a4100000|  0%| F|  |TAMS 0x00000000a4000000, 0x00000000a4000000| Untracked 
|  31|0x00000000a4100000, 0x00000000a4100000, 0x00000000a4200000|  0%| F|  |TAMS 0x00000000a4100000, 0x00000000a4100000| Untracked 
|  32|0x00000000a4200000, 0x00000000a4200000, 0x00000000a4300000|  0%| F|  |TAMS 0x00000000a4200000, 0x00000000a4200000| Untracked 
|  33|0x00000000a4300000, 0x00000000a4300000, 0x00000000a4400000|  0%| F|  |TAMS 0x00000000a4300000, 0x00000000a4300000| Untracked 
|  34|0x00000000a4400000, 0x00000000a4400000, 0x00000000a4500000|  0%| F|  |TAMS 0x00000000a4400000, 0x00000000a4400000| Untracked 
|  35|0x00000000a4500000, 0x00000000a4500000, 0x00000000a4600000|  0%| F|  |TAMS 0x00000000a4500000, 0x00000000a4500000| Untracked 
|  36|0x00000000a4600000, 0x00000000a4600000, 0x00000000a4700000|  0%| F|  |TAMS 0x00000000a4600000, 0x00000000a4600000| Untracked 
|  37|0x00000000a4700000, 0x00000000a4700000, 0x00000000a4800000|  0%| F|  |TAMS 0x00000000a4700000, 0x00000000a4700000| Untracked 
|  38|0x00000000a4800000, 0x00000000a4800000, 0x00000000a4900000|  0%| F|  |TAMS 0x00000000a4800000, 0x00000000a4800000| Untracked 
|  39|0x00000000a4900000, 0x00000000a4900000, 0x00000000a4a00000|  0%| F|  |TAMS 0x00000000a4900000, 0x00000000a4900000| Untracked 
|  40|0x00000000a4a00000, 0x00000000a4a00000, 0x00000000a4b00000|  0%| F|  |TAMS 0x00000000a4a00000, 0x00000000a4a00000| Untracked 
|  41|0x00000000a4b00000, 0x00000000a4b00000, 0x00000000a4c00000|  0%| F|  |TAMS 0x00000000a4b00000, 0x00000000a4b00000| Untracked 
|  42|0x00000000a4c00000, 0x00000000a4c00000, 0x00000000a4d00000|  0%| F|  |TAMS 0x00000000a4c00000, 0x00000000a4c00000| Untracked 
|  43|0x00000000a4d00000, 0x00000000a4d00000, 0x00000000a4e00000|  0%| F|  |TAMS 0x00000000a4d00000, 0x00000000a4d00000| Untracked 
|  44|0x00000000a4e00000, 0x00000000a4e00000, 0x00000000a4f00000|  0%| F|  |TAMS 0x00000000a4e00000, 0x00000000a4e00000| Untracked 
|  45|0x00000000a4f00000, 0x00000000a4f00000, 0x00000000a5000000|  0%| F|  |TAMS 0x00000000a4f00000, 0x00000000a4f00000| Untracked 
|  46|0x00000000a5000000, 0x00000000a5000000, 0x00000000a5100000|  0%| F|  |TAMS 0x00000000a5000000, 0x00000000a5000000| Untracked 
|  47|0x00000000a5100000, 0x00000000a5100000, 0x00000000a5200000|  0%| F|  |TAMS 0x00000000a5100000, 0x00000000a5100000| Untracked 
|  48|0x00000000a5200000, 0x00000000a5200000, 0x00000000a5300000|  0%| F|  |TAMS 0x00000000a5200000, 0x00000000a5200000| Untracked 
|  49|0x00000000a5300000, 0x00000000a5300000, 0x00000000a5400000|  0%| F|  |TAMS 0x00000000a5300000, 0x00000000a5300000| Untracked 
|  50|0x00000000a5400000, 0x00000000a5400000, 0x00000000a5500000|  0%| F|  |TAMS 0x00000000a5400000, 0x00000000a5400000| Untracked 
|  51|0x00000000a5500000, 0x00000000a5500000, 0x00000000a5600000|  0%| F|  |TAMS 0x00000000a5500000, 0x00000000a5500000| Untracked 
|  52|0x00000000a5600000, 0x00000000a5600000, 0x00000000a5700000|  0%| F|  |TAMS 0x00000000a5600000, 0x00000000a5600000| Untracked 
|  53|0x00000000a5700000, 0x00000000a5700000, 0x00000000a5800000|  0%| F|  |TAMS 0x00000000a5700000, 0x00000000a5700000| Untracked 
|  54|0x00000000a5800000, 0x00000000a5800000, 0x00000000a5900000|  0%| F|  |TAMS 0x00000000a5800000, 0x00000000a5800000| Untracked 
|  55|0x00000000a5900000, 0x00000000a5900000, 0x00000000a5a00000|  0%| F|  |TAMS 0x00000000a5900000, 0x00000000a5900000| Untracked 
|  56|0x00000000a5a00000, 0x00000000a5a00000, 0x00000000a5b00000|  0%| F|  |TAMS 0x00000000a5a00000, 0x00000000a5a00000| Untracked 
|  57|0x00000000a5b00000, 0x00000000a5b00000, 0x00000000a5c00000|  0%| F|  |TAMS 0x00000000a5b00000, 0x00000000a5b00000| Untracked 
|  58|0x00000000a5c00000, 0x00000000a5c00000, 0x00000000a5d00000|  0%| F|  |TAMS 0x00000000a5c00000, 0x00000000a5c00000| Untracked 
|  59|0x00000000a5d00000, 0x00000000a5d00000, 0x00000000a5e00000|  0%| F|  |TAMS 0x00000000a5d00000, 0x00000000a5d00000| Untracked 
|  60|0x00000000a5e00000, 0x00000000a5e00000, 0x00000000a5f00000|  0%| F|  |TAMS 0x00000000a5e00000, 0x00000000a5e00000| Untracked 
|  61|0x00000000a5f00000, 0x00000000a5f00000, 0x00000000a6000000|  0%| F|  |TAMS 0x00000000a5f00000, 0x00000000a5f00000| Untracked 
|  62|0x00000000a6000000, 0x00000000a6000000, 0x00000000a6100000|  0%| F|  |TAMS 0x00000000a6000000, 0x00000000a6000000| Untracked 
|  63|0x00000000a6100000, 0x00000000a6100000, 0x00000000a6200000|  0%| F|  |TAMS 0x00000000a6100000, 0x00000000a6100000| Untracked 
|  64|0x00000000a6200000, 0x00000000a6200000, 0x00000000a6300000|  0%| F|  |TAMS 0x00000000a6200000, 0x00000000a6200000| Untracked 
|  65|0x00000000a6300000, 0x00000000a6300000, 0x00000000a6400000|  0%| F|  |TAMS 0x00000000a6300000, 0x00000000a6300000| Untracked 
|  66|0x00000000a6400000, 0x00000000a6400000, 0x00000000a6500000|  0%| F|  |TAMS 0x00000000a6400000, 0x00000000a6400000| Untracked 
|  67|0x00000000a6500000, 0x00000000a6500000, 0x00000000a6600000|  0%| F|  |TAMS 0x00000000a6500000, 0x00000000a6500000| Untracked 
|  68|0x00000000a6600000, 0x00000000a6600000, 0x00000000a6700000|  0%| F|  |TAMS 0x00000000a6600000, 0x00000000a6600000| Untracked 
|  69|0x00000000a6700000, 0x00000000a6700000, 0x00000000a6800000|  0%| F|  |TAMS 0x00000000a6700000, 0x00000000a6700000| Untracked 
|  70|0x00000000a6800000, 0x00000000a6800000, 0x00000000a6900000|  0%| F|  |TAMS 0x00000000a6800000, 0x00000000a6800000| Untracked 
|  71|0x00000000a6900000, 0x00000000a6900000, 0x00000000a6a00000|  0%| F|  |TAMS 0x00000000a6900000, 0x00000000a6900000| Untracked 
|  72|0x00000000a6a00000, 0x00000000a6a00000, 0x00000000a6b00000|  0%| F|  |TAMS 0x00000000a6a00000, 0x00000000a6a00000| Untracked 
|  73|0x00000000a6b00000, 0x00000000a6b00000, 0x00000000a6c00000|  0%| F|  |TAMS 0x00000000a6b00000, 0x00000000a6b00000| Untracked 
|  74|0x00000000a6c00000, 0x00000000a6c00000, 0x00000000a6d00000|  0%| F|  |TAMS 0x00000000a6c00000, 0x00000000a6c00000| Untracked 
|  75|0x00000000a6d00000, 0x00000000a6d00000, 0x00000000a6e00000|  0%| F|  |TAMS 0x00000000a6d00000, 0x00000000a6d00000| Untracked 
|  76|0x00000000a6e00000, 0x00000000a6e00000, 0x00000000a6f00000|  0%| F|  |TAMS 0x00000000a6e00000, 0x00000000a6e00000| Untracked 
|  77|0x00000000a6f00000, 0x00000000a6f00000, 0x00000000a7000000|  0%| F|  |TAMS 0x00000000a6f00000, 0x00000000a6f00000| Untracked 
|  78|0x00000000a7000000, 0x00000000a7000000, 0x00000000a7100000|  0%| F|  |TAMS 0x00000000a7000000, 0x00000000a7000000| Untracked 
|  89|0x00000000a7b00000, 0x00000000a7bfb0e8, 0x00000000a7c00000| 98%| S|CS|TAMS 0x00000000a7b00000, 0x00000000a7b00000| Complete 
|  93|0x00000000a7f00000, 0x00000000a7f00000, 0x00000000a8000000|  0%| F|  |TAMS 0x00000000a7f00000, 0x00000000a7f00000| Untracked 

Card table byte_map: [0x0000016a7a140000,0x0000016a7a430000] _byte_map_base: 0x0000016a79c2f000

Marking Bits (Prev, Next): (CMBitMap*) 0x0000016a7985cae8, (CMBitMap*) 0x0000016a7985cb28
 Prev Bits: [0x0000016a7a720000, 0x0000016a7be98000)
 Next Bits: [0x0000016a7bea0000, 0x0000016a7d618000)

Polling page: 0x0000016a777c0000

Metaspace:

Usage:
  Non-class:     30.44 MB capacity,    29.52 MB ( 97%) used,   883.29 KB (  3%) free+waste,    51.38 KB ( <1%) overhead. 
      Class:      4.51 MB capacity,     4.28 MB ( 95%) used,   213.15 KB (  5%) free+waste,    23.81 KB ( <1%) overhead. 
       Both:     34.94 MB capacity,    33.80 MB ( 97%) used,     1.07 MB (  3%) free+waste,    75.19 KB ( <1%) overhead. 

Virtual space:
  Non-class space:       40.00 MB reserved,      30.50 MB ( 76%) committed 
      Class space:        1.00 GB reserved,       4.63 MB ( <1%) committed 
             Both:        1.04 GB reserved,      35.13 MB (  3%) committed 

Chunk freelists:
   Non-Class:  8.25 KB
       Class:  3.00 KB
        Both:  11.25 KB

CodeHeap 'non-profiled nmethods': size=120000Kb used=1304Kb max_used=1304Kb free=118696Kb
 bounds [0x0000016a0fe00000, 0x0000016a10070000, 0x0000016a17330000]
CodeHeap 'profiled nmethods': size=120000Kb used=6332Kb max_used=6332Kb free=113667Kb
 bounds [0x0000016a088d0000, 0x0000016a08f00000, 0x0000016a0fe00000]
CodeHeap 'non-nmethods': size=5760Kb used=1217Kb max_used=1273Kb free=4542Kb
 bounds [0x0000016a08330000, 0x0000016a085a0000, 0x0000016a088d0000]
 total_blobs=4175 nmethods=2935 adapters=474
 compilation: enabled
              stopped_count=0, restarted_count=0
 full_count=0

Compilation events (10 events):
Event: 8.979 Thread 0x0000016a175f6000 nmethod 2933 0x0000016a08efd190 code [0x0000016a08efd3a0, 0x0000016a08efda90]
Event: 8.979 Thread 0x0000016a175f6000 2934       3       java.lang.Character::isHighSurrogate (18 bytes)
Event: 8.979 Thread 0x0000016a175f6000 nmethod 2934 0x0000016a08efdc90 code [0x0000016a08efde40, 0x0000016a08efe018]
Event: 8.979 Thread 0x0000016a175f6000 2935       3       org.jetbrains.kotlin.com.intellij.util.text.ImmutableText::charAt (50 bytes)
Event: 8.979 Thread 0x0000016a175f6000 nmethod 2935 0x0000016a08efe090 code [0x0000016a08efe280, 0x0000016a08efe660]
Event: 8.979 Thread 0x0000016a175f6000 2936       3       org.jetbrains.kotlin.com.intellij.util.text.ImmutableText$Leaf8BitNode::charAt (10 bytes)
Event: 8.979 Thread 0x0000016a175f6000 nmethod 2936 0x0000016a08efe790 code [0x0000016a08efe960, 0x0000016a08efeb78]
Event: 8.979 Thread 0x0000016a175f6000 2937       3       org.jetbrains.kotlin.lexer._JetLexer::ZZ_CMAP (34 bytes)
Event: 8.979 Thread 0x0000016a175f6000 nmethod 2937 0x0000016a08efec90 code [0x0000016a08efee60, 0x0000016a08eff058]
Event: 8.979 Thread 0x0000016a175f6000 2940   !   3       org.jetbrains.kotlin.com.intellij.lexer.FlexAdapter::locateToken (108 bytes)

GC Heap History (10 events):
Event: 6.660 GC heap before
{Heap before GC invocations=4 (full 0):
 garbage-first heap   total 68608K, used 47075K [0x00000000a2200000, 0x0000000100000000)
  region size 1024K, 26 young (26624K), 1 survivors (1024K)
 Metaspace       used 23840K, capacity 25357K, committed 25600K, reserved 1071104K
  class space    used 3259K, capacity 3510K, committed 3584K, reserved 1048576K
}
Event: 6.674 GC heap after
{Heap after GC invocations=5 (full 0):
 garbage-first heap   total 68608K, used 25598K [0x00000000a2200000, 0x0000000100000000)
  region size 1024K, 4 young (4096K), 4 survivors (4096K)
 Metaspace       used 23840K, capacity 25357K, committed 25600K, reserved 1071104K
  class space    used 3259K, capacity 3510K, committed 3584K, reserved 1048576K
}
Event: 7.464 GC heap before
{Heap before GC invocations=5 (full 0):
 garbage-first heap   total 68608K, used 43006K [0x00000000a2200000, 0x0000000100000000)
  region size 1024K, 21 young (21504K), 4 survivors (4096K)
 Metaspace       used 27710K, capacity 29118K, committed 29312K, reserved 1075200K
  class space    used 3704K, capacity 3932K, committed 3968K, reserved 1048576K
}
Event: 7.476 GC heap after
{Heap after GC invocations=6 (full 0):
 garbage-first heap   total 82944K, used 25242K [0x00000000a2200000, 0x0000000100000000)
  region size 1024K, 2 young (2048K), 2 survivors (2048K)
 Metaspace       used 27710K, capacity 29118K, committed 29312K, reserved 1075200K
  class space    used 3704K, capacity 3932K, committed 3968K, reserved 1048576K
}
Event: 8.496 GC heap before
{Heap before GC invocations=6 (full 0):
 garbage-first heap   total 82944K, used 47770K [0x00000000a2200000, 0x0000000100000000)
  region size 1024K, 25 young (25600K), 2 survivors (2048K)
 Metaspace       used 32335K, capacity 33590K, committed 33920K, reserved 1079296K
  class space    used 4120K, capacity 4354K, committed 4480K, reserved 1048576K
}
Event: 8.508 GC heap after
{Heap after GC invocations=7 (full 0):
 garbage-first heap   total 82944K, used 27534K [0x00000000a2200000, 0x0000000100000000)
  region size 1024K, 4 young (4096K), 4 survivors (4096K)
 Metaspace       used 32335K, capacity 33590K, committed 33920K, reserved 1079296K
  class space    used 4120K, capacity 4354K, committed 4480K, reserved 1048576K
}
Event: 8.935 GC heap before
{Heap before GC invocations=7 (full 0):
 garbage-first heap   total 82944K, used 36750K [0x00000000a2200000, 0x0000000100000000)
  region size 1024K, 15 young (15360K), 4 survivors (4096K)
 Metaspace       used 34582K, capacity 35750K, committed 35840K, reserved 1081344K
  class space    used 4364K, capacity 4584K, committed 4608K, reserved 1048576K
}
Event: 8.944 GC heap after
{Heap after GC invocations=8 (full 0):
 garbage-first heap   total 82944K, used 28590K [0x00000000a2200000, 0x0000000100000000)
  region size 1024K, 1 young (1024K), 1 survivors (1024K)
 Metaspace       used 34582K, capacity 35750K, committed 35840K, reserved 1081344K
  class space    used 4364K, capacity 4584K, committed 4608K, reserved 1048576K
}
Event: 8.980 GC heap before
{Heap before GC invocations=9 (full 0):
 garbage-first heap   total 82944K, used 28590K [0x00000000a2200000, 0x0000000100000000)
  region size 1024K, 2 young (2048K), 1 survivors (1024K)
 Metaspace       used 34610K, capacity 35782K, committed 35968K, reserved 1087488K
  class space    used 4379K, capacity 4616K, committed 4736K, reserved 1048576K
}
Event: 8.984 GC heap after
{Heap after GC invocations=10 (full 0):
 garbage-first heap   total 82944K, used 28570K [0x00000000a2200000, 0x0000000100000000)
  region size 1024K, 1 young (1024K), 1 survivors (1024K)
 Metaspace       used 34610K, capacity 35782K, committed 35968K, reserved 1087488K
  class space    used 4379K, capacity 4616K, committed 4736K, reserved 1048576K
}

Deoptimization events (10 events):
Event: 8.829 Thread 0x0000016a79829800 Uncommon trap: reason=unstable_if action=reinterpret pc=0x0000016a0fe37c98 method=java.lang.String.lastIndexOf(II)I @ 4 c2
Event: 8.829 Thread 0x0000016a79829800 Uncommon trap: reason=unstable_if action=reinterpret pc=0x0000016a0fe76124 method=java.lang.String.indexOf(II)I @ 4 c2
Event: 8.829 Thread 0x0000016a79829800 Uncommon trap: reason=unstable_if action=reinterpret pc=0x0000016a0fe6ac48 method=java.lang.String.replace(CC)Ljava/lang/String; @ 9 c2
Event: 8.829 Thread 0x0000016a79829800 Uncommon trap: reason=unstable_if action=reinterpret pc=0x0000016a0fea95c4 method=java.lang.String.concat(Ljava/lang/String;)Ljava/lang/String; @ 17 c2
Event: 8.829 Thread 0x0000016a79829800 Uncommon trap: reason=unstable_if action=reinterpret pc=0x0000016a0fe17820 method=java.lang.String.getBytes([BIB)V @ 5 c2
Event: 8.829 Thread 0x0000016a79829800 Uncommon trap: reason=unstable_if action=reinterpret pc=0x0000016a0fe30834 method=java.lang.StringCoding.encodeUTF8(B[BZ)[B @ 2 c2
Event: 8.829 Thread 0x0000016a79829800 Uncommon trap: reason=unstable_if action=reinterpret pc=0x0000016a0ff06bc0 method=sun.net.www.ParseUtil.firstEncodeIndex(Ljava/lang/String;)I @ 27 c2
Event: 8.829 Thread 0x0000016a79829800 Uncommon trap: reason=unstable_if action=reinterpret pc=0x0000016a0fea23d8 method=java.lang.String.indexOf(II)I @ 4 c2
Event: 8.829 Thread 0x0000016a79829800 Uncommon trap: reason=unstable_if action=reinterpret pc=0x0000016a0febc4f0 method=java.lang.String.startsWith(Ljava/lang/String;I)Z @ 46 c2
Event: 8.830 Thread 0x0000016a79829800 Uncommon trap: reason=unstable_if action=reinterpret pc=0x0000016a0ff37b14 method=java.lang.String.lastIndexOf(II)I @ 4 c2

Classes redefined (0 events):
No events

Internal exceptions (10 events):
Event: 4.912 Thread 0x0000016a79829800 Exception <a 'sun/nio/fs/WindowsException'{0x00000000a4a25728}> (0x00000000a4a25728) thrown at [t:/workspace/open/src/hotspot/share/prims/jni.cpp, line 615]
Event: 4.912 Thread 0x0000016a79829800 Exception <a 'sun/nio/fs/WindowsException'{0x00000000a4a25fc0}> (0x00000000a4a25fc0) thrown at [t:/workspace/open/src/hotspot/share/prims/jni.cpp, line 615]
Event: 4.912 Thread 0x0000016a79829800 Exception <a 'sun/nio/fs/WindowsException'{0x00000000a4a269b8}> (0x00000000a4a269b8) thrown at [t:/workspace/open/src/hotspot/share/prims/jni.cpp, line 615]
Event: 4.912 Thread 0x0000016a79829800 Exception <a 'sun/nio/fs/WindowsException'{0x00000000a4a272c0}> (0x00000000a4a272c0) thrown at [t:/workspace/open/src/hotspot/share/prims/jni.cpp, line 615]
Event: 4.913 Thread 0x0000016a79829800 Exception <a 'sun/nio/fs/WindowsException'{0x00000000a4a27bf8}> (0x00000000a4a27bf8) thrown at [t:/workspace/open/src/hotspot/share/prims/jni.cpp, line 615]
Event: 4.916 Thread 0x0000016a79829800 Exception <a 'java/lang/NoSuchMethodError'{0x00000000a4a2e280}: java.lang.invoke.DirectMethodHandle$Holder.invokeStatic(Ljava/lang/Object;Ljava/lang/Object;Ljava/lang/Object;Ljava/lang/Object;)V> (0x00000000a4a2e280) thrown at [t:/workspace/open/src/hotsp
Event: 5.107 Thread 0x0000016a79829800 Exception <a 'java/lang/NoSuchMethodError'{0x00000000a7e11290}: java.lang.invoke.DirectMethodHandle$Holder.invokeStaticInit(Ljava/lang/Object;Ljava/lang/Object;)V> (0x00000000a7e11290) thrown at [t:/workspace/open/src/hotspot/share/interpreter/linkResolve
Event: 5.313 Thread 0x0000016a79829800 Exception <a 'java/lang/NoSuchMethodError'{0x00000000a628f5b8}: java.lang.invoke.DirectMethodHandle$Holder.invokeVirtual(Ljava/lang/Object;Ljava/lang/Object;)V> (0x00000000a628f5b8) thrown at [t:/workspace/open/src/hotspot/share/interpreter/linkResolver.c
Event: 5.336 Thread 0x0000016a79829800 Exception <a 'java/lang/NoSuchMethodError'{0x00000000a61108b8}: java.lang.invoke.DirectMethodHandle$Holder.invokeVirtual(Ljava/lang/Object;Ljava/lang/Object;)I> (0x00000000a61108b8) thrown at [t:/workspace/open/src/hotspot/share/interpreter/linkResolver.c
Event: 7.240 Thread 0x0000016a79829800 Exception <a 'java/lang/NoSuchMethodError'{0x00000000a58db208}: java.lang.invoke.DirectMethodHandle$Holder.invokeVirtual(Ljava/lang/Object;Ljava/lang/Object;Ljava/lang/Object;)Ljava/lang/Object;> (0x00000000a58db208) thrown at [t:/workspace/open/src/hotsp

Events (10 events):
Event: 8.976 loading class org/jetbrains/kotlin/com/intellij/lexer/TokenList done
Event: 8.976 loading class org/jetbrains/kotlin/com/intellij/lexer/TokenList$WrappingLexer
Event: 8.976 loading class org/jetbrains/kotlin/com/intellij/lexer/TokenList$WrappingLexer done
Event: 8.977 loading class org/jetbrains/kotlin/com/intellij/lang/impl/TokenSequence$Builder
Event: 8.977 loading class org/jetbrains/kotlin/com/intellij/lang/impl/TokenSequence$Builder done
Event: 8.978 loading class org/jetbrains/kotlin/com/intellij/util/text/ImmutableText$InnerLeaf
Event: 8.978 loading class org/jetbrains/kotlin/com/intellij/util/text/ImmutableText$InnerLeaf done
Event: 8.978 loading class org/jetbrains/kotlin/lexer/_JetLexer$State
Event: 8.978 loading class org/jetbrains/kotlin/lexer/_JetLexer$State done
Event: 8.980 Executing VM operation: CollectForMetadataAllocation


Dynamic libraries:
0x00007ff71b740000 - 0x00007ff71b74f000 	C:\Program Files\Java\jdk-12\bin\java.exe
0x00007ffc182d0000 - 0x00007ffc184e4000 	C:\WINDOWS\SYSTEM32\ntdll.dll
0x00007ffc16640000 - 0x00007ffc16702000 	C:\WINDOWS\System32\KERNEL32.DLL
0x00007ffc15980000 - 0x00007ffc15d23000 	C:\WINDOWS\System32\KERNELBASE.dll
0x00007ffc15df0000 - 0x00007ffc15f01000 	C:\WINDOWS\System32\ucrtbase.dll
0x00007ffb9d270000 - 0x00007ffb9d288000 	C:\Program Files\Java\jdk-12\bin\jli.dll
0x00007ffc16710000 - 0x00007ffc167be000 	C:\WINDOWS\System32\ADVAPI32.dll
0x00007ffc17990000 - 0x00007ffc17a37000 	C:\WINDOWS\System32\msvcrt.dll
0x00007ffc18180000 - 0x00007ffc18224000 	C:\WINDOWS\System32\sechost.dll
0x00007ffc16a80000 - 0x00007ffc16b97000 	C:\WINDOWS\System32\RPCRT4.dll
0x00007ffc17720000 - 0x00007ffc178ca000 	C:\WINDOWS\System32\USER32.dll
0x00007ffc15f10000 - 0x00007ffc15f36000 	C:\WINDOWS\System32\win32u.dll
0x00007ffc178d0000 - 0x00007ffc178f9000 	C:\WINDOWS\System32\GDI32.dll
0x00007ffc157f0000 - 0x00007ffc15909000 	C:\WINDOWS\System32\gdi32full.dll
0x00007ffc15750000 - 0x00007ffc157ea000 	C:\WINDOWS\System32\msvcp_win.dll
0x00007ffba7630000 - 0x00007ffba7646000 	C:\Program Files\Java\jdk-12\bin\VCRUNTIME140.dll
0x00007ffbf95a0000 - 0x00007ffbf982e000 	C:\WINDOWS\WinSxS\amd64_microsoft.windows.common-controls_6595b64144ccf1df_6.0.22621.1635_none_270f70857386168e\COMCTL32.dll
0x00007ffc0aec0000 - 0x00007ffc0aeca000 	C:\WINDOWS\SYSTEM32\VERSION.dll
0x00007ffc17470000 - 0x00007ffc174a1000 	C:\WINDOWS\System32\IMM32.DLL
0x00007ffb9d1c0000 - 0x00007ffb9d26a000 	C:\Program Files\Java\jdk-12\bin\msvcp140.dll
0x00007ffb99b30000 - 0x00007ffb9a6a4000 	C:\Program Files\Java\jdk-12\bin\server\jvm.dll
0x00007ffc16a70000 - 0x00007ffc16a78000 	C:\WINDOWS\System32\PSAPI.DLL
0x00007ffbbc3a0000 - 0x00007ffbbc3a9000 	C:\WINDOWS\SYSTEM32\WSOCK32.dll
0x00007ffc169f0000 - 0x00007ffc16a61000 	C:\WINDOWS\System32\WS2_32.dll
0x00007ffc0d810000 - 0x00007ffc0d844000 	C:\WINDOWS\SYSTEM32\WINMM.dll
0x00007ffc14710000 - 0x00007ffc14728000 	C:\WINDOWS\SYSTEM32\kernel.appcore.dll
0x00007ffb9d1a0000 - 0x00007ffb9d1b1000 	C:\Program Files\Java\jdk-12\bin\verify.dll
0x00007ffc131c0000 - 0x00007ffc133ee000 	C:\WINDOWS\SYSTEM32\DBGHELP.DLL
0x00007ffc161b0000 - 0x00007ffc16539000 	C:\WINDOWS\System32\combase.dll
0x00007ffc17ec0000 - 0x00007ffc17f97000 	C:\WINDOWS\System32\OLEAUT32.dll
0x00007ffc049a0000 - 0x00007ffc049d2000 	C:\WINDOWS\SYSTEM32\dbgcore.DLL
0x00007ffc156d0000 - 0x00007ffc1574a000 	C:\WINDOWS\System32\bcryptPrimitives.dll
0x00007ffb9cf50000 - 0x00007ffb9cf76000 	C:\Program Files\Java\jdk-12\bin\java.dll
0x00007ffb9cee0000 - 0x00007ffb9cef7000 	C:\Program Files\Java\jdk-12\bin\zip.dll
0x00007ffbad760000 - 0x00007ffbad76a000 	C:\Program Files\Java\jdk-12\bin\jimage.dll
0x00007ffc16bf0000 - 0x00007ffc173e9000 	C:\WINDOWS\System32\SHELL32.dll
0x00007ffc136c0000 - 0x00007ffc13f8e000 	C:\WINDOWS\SYSTEM32\windows.storage.dll
0x00007ffc13580000 - 0x00007ffc136be000 	C:\WINDOWS\SYSTEM32\wintypes.dll
0x00007ffc160b0000 - 0x00007ffc161a1000 	C:\WINDOWS\System32\SHCORE.dll
0x00007ffc18230000 - 0x00007ffc1828e000 	C:\WINDOWS\System32\shlwapi.dll
0x00007ffc15600000 - 0x00007ffc15626000 	C:\WINDOWS\SYSTEM32\profapi.dll
0x00007ffb9d180000 - 0x00007ffb9d199000 	C:\Program Files\Java\jdk-12\bin\net.dll
0x00007ffc0cde0000 - 0x00007ffc0cf17000 	C:\WINDOWS\SYSTEM32\WINHTTP.dll
0x00007ffc03080000 - 0x00007ffc03270000 	C:\WINDOWS\SYSTEM32\urlmon.dll
0x00007ffc03050000 - 0x00007ffc03079000 	C:\WINDOWS\SYSTEM32\srvcli.dll
0x00007ffc02d90000 - 0x00007ffc03041000 	C:\WINDOWS\SYSTEM32\iertutil.dll
0x00007ffc141b0000 - 0x00007ffc141bc000 	C:\WINDOWS\SYSTEM32\netutils.dll
0x00007ffc14b90000 - 0x00007ffc14bf9000 	C:\WINDOWS\system32\mswsock.dll
0x00007ffb9d160000 - 0x00007ffb9d173000 	C:\Program Files\Java\jdk-12\bin\nio.dll

dbghelp: loaded successfully - version: 4.0.5 - missing functions: none
symbol engine: initialized successfully - sym options: 0x614 - pdb path: .;C:\Program Files\Java\jdk-12\bin;C:\WINDOWS\SYSTEM32;C:\WINDOWS\WinSxS\amd64_microsoft.windows.common-controls_6595b64144ccf1df_6.0.22621.1635_none_270f70857386168e;C:\Program Files\Java\jdk-12\bin\server

VM Arguments:
java_command: org.jetbrains.kotlin.cli.jvm.K2JVMCompiler @D:\Amit\Amitp\FoodDelivery\node_modules\react-native-screens\android\build\20230728_9621386270672356719.compiler.options
java_class_path (initial): C:\Users\LENOVO\.gradle\caches\modules-2\files-2.1\org.jetbrains.kotlin\kotlin-compiler-embeddable\1.6.21\97bdd5a752ce73b58ef16c17bc7f0ea2faff7a2e\kotlin-compiler-embeddable-1.6.21.jar;C:\Users\LENOVO\.gradle\caches\modules-2\files-2.1\org.jetbrains.kotlin\kotlin-reflect\1.6.21\5dc3574d9b7bebfcb4ec6b10ada4aaa9e140bd0b\kotlin-reflect-1.6.21.jar;C:\Users\LENOVO\.gradle\caches\modules-2\files-2.1\org.jetbrains.kotlin\kotlin-stdlib\1.6.21\11ef67f1900634fd951bad28c53ec957fabbe5b8\kotlin-stdlib-1.6.21.jar;C:\Users\LENOVO\.gradle\caches\modules-2\files-2.1\org.jetbrains.kotlin\kotlin-script-runtime\1.6.21\99c6675100da5d6d5b1c5a1032f27f28008d101b\kotlin-script-runtime-1.6.21.jar;C:\Users\LENOVO\.gradle\caches\modules-2\files-2.1\org.jetbrains.kotlin\kotlin-daemon-embeddable\1.6.21\46b78cf392e1c4f10854c3cadba44abb7b82250f\kotlin-daemon-embeddable-1.6.21.jar;C:\Users\LENOVO\.gradle\caches\modules-2\files-2.1\org.jetbrains.intellij.deps\trove4j\1.0.20200330\3afb14d5f9ceb459d724e907a21145e8ff394f02\trove4j-1.0.20200330.jar;C:\Users\LENOVO\.gradle\caches\modules-2\files-2.1\net.java.dev.jna\jna\5.6.0\330f2244e9030119ab3030fc3fededc86713d9cc\jna-5.6.0.jar;C:\Users\LENOVO\.gradle\caches\modules-2\files-2.1\org.jetbrains.kotlin\kotlin-stdlib-common\1.6.21\5e5b55c26dbc80372a920aef60eb774b714559b8\kotlin-stdlib-common-1.6.21.jar;C:\Users\LENOVO\.gradle\caches\modules-2\files-2.1\org.jetbrains\annotations\13.0\919f0dfe192fb4e063e7dacadee7f8bb9a2672a9\annotations-13.0.jar
Launcher Type: SUN_STANDARD

[Global flags]
     intx CICompilerCount                          = 4                                         {product} {ergonomic}
     uint ConcGCThreads                            = 3                                         {product} {ergonomic}
     uint G1ConcRefinementThreads                  = 10                                        {product} {ergonomic}
   size_t G1HeapRegionSize                         = 1048576                                   {product} {ergonomic}
    uintx GCDrainStackTargetSize                   = 64                                        {product} {ergonomic}
   size_t InitialHeapSize                          = 98566144                                  {product} {ergonomic}
   size_t MarkStackSize                            = 4194304                                   {product} {ergonomic}
   size_t MaxHeapSize                              = 1574961152                                {product} {ergonomic}
   size_t MaxNewSize                               = 944766976                                 {product} {ergonomic}
   size_t MinHeapDeltaBytes                        = 1048576                                   {product} {ergonomic}
    uintx NonNMethodCodeHeapSize                   = 5836300                                {pd product} {ergonomic}
    uintx NonProfiledCodeHeapSize                  = 122910970                              {pd product} {ergonomic}
    uintx ProfiledCodeHeapSize                     = 122910970                              {pd product} {ergonomic}
    uintx ReservedCodeCacheSize                    = 251658240                              {pd product} {ergonomic}
     bool SegmentedCodeCache                       = true                                      {product} {ergonomic}
     bool UseCompressedClassPointers               = true                                 {lp64_product} {ergonomic}
     bool UseCompressedOops                        = true                                 {lp64_product} {ergonomic}
     bool UseG1GC                                  = true                                      {product} {ergonomic}
     bool UseLargePagesIndividualAllocation        = false                                  {pd product} {ergonomic}

Logging:
Log output configuration:
 #0: stdout all=warning uptime,level,tags
 #1: stderr all=off uptime,level,tags

Environment Variables:
CLASSPATH=D:\Amit\Amitp\FoodDelivery\android\\gradle\wrapper\gradle-wrapper.jar
PATH=C:\Program Files\Java\jdk-12\bin;C:\WINDOWS\system32;C:\WINDOWS;C:\WINDOWS\System32\Wbem;C:\WINDOWS\System32\WindowsPowerShell\v1.0\;C:\WINDOWS\System32\OpenSSH\;C:\Program Files\Git\cmd;C:\xampp\php;C:\ProgramData\ComposerSetup\bin;C:\Program Files\nodejs\;C:\Users\LENOVO\AppData\Local\Microsoft\WindowsApps;C:\Users\LENOVO\AppData\Local\Android\Sdk\platform-tools;C:\Users\LENOVO\AppData\Local\Programs\Microsoft VS Code\bin;C:\Program Files\Java\jdk-12\bin;C:\Users\LENOVO\AppData\Roaming\Composer\vendor\bin;C:\Users\LENOVO\AppData\Roaming\npm
USERNAME=LENOVO
OS=Windows_NT
PROCESSOR_IDENTIFIER=AMD64 Family 23 Model 104 Stepping 1, AuthenticAMD



---------------  S Y S T E M  ---------------

OS: Windows 10 , 64 bit Build 22621 (10.0.22621.1928)

CPU:total 12 (initial active 12) (12 cores per cpu, 2 threads per core) family 23 model 104 stepping 1, cmov, cx8, fxsr, mmx, sse, sse2, sse3, ssse3, sse4.1, sse4.2, popcnt, avx, avx2, aes, clmul, mmxext, 3dnowpref, lzcnt, sse4a, ht, tsc, tscinvbit, tscinv, bmi1, bmi2, adx, sha, fma

Memory: 4k page, system-wide physical 6005M (875M free)
TotalPageFile size 24437M (AvailPageFile size 18M)
current process WorkingSet (physical memory assigned to process): 206M, peak: 206M
current process commit charge ("private bytes"): 250M, peak: 251M

vm_info: Java HotSpot(TM) 64-Bit Server VM (12+33) for windows-amd64 JRE (12+33), built on Feb 21 2019 02:31:50 by "mach5one" with MS VC++ 15.5 (VS2017)

END.
